<?xml version="1.0" encoding="UTF-8"?>
<testsuite xmlns:xsi="http://www.w3.org/2001/XMLSchema-instance" xsi:noNamespaceSchemaLocation="https://maven.apache.org/surefire/maven-surefire-plugin/xsd/surefire-test-report-3.0.xsd" version="3.0" name="com.movie.BookMyCineApplicationTests" time="5.822" tests="1" errors="0" skipped="0" failures="0">
  <properties>
[...]
</properties>
  <testcase name="contextLoads" classname="com.movie.BookMyCineApplicationTests" time="0.554">
    <system-out><![CDATA[16:58:09.385 [main] INFO org.springframework.test.context.support.AnnotationConfigContextLoaderUtils -- Could not detect default configuration classes for test class [com.movie.BookMyCineApplicationTests]: BookMyCineApplicationTests does not declare any static, non-private, non-final, nested classes annotated with @Configuration.
16:58:09.470 [main] INFO org.springframework.boot.test.context.SpringBootTestContextBootstrapper -- Found @SpringBootConfiguration com.movie.BookMyCineApplication for test class com.movie.BookMyCineApplicationTests

  .   ____          _            __ _ _
 /\\ / ___'_ __ _ _(_)_ __  __ _ \ \ \ \
( ( )\___ | '_ | '_| | '_ \/ _` | \ \ \ \
 \\/  ___)| |_)| | | | | || (_| |  ) ) ) )
  '  |____| .__|_| |_|_| |_\__, | / / / /
 =========|_|==============|___/=/_/_/_/

 :: Spring Boot ::                (v3.3.3)

2024-09-21T16:58:09.841+05:30  INFO 15316 --- [Book_My_Cine] [           main] com.movie.BookMyCineApplicationTests     : Starting BookMyCineApplicationTests using Java 21.0.3 with PID 15316 (started by pream in C:\Users\pream\OneDrive\Documentos\GitHub\Book-My-Cini)
2024-09-21T16:58:09.842+05:30  INFO 15316 --- [Book_My_Cine] [           main] com.movie.BookMyCineApplicationTests     : No active profile set, falling back to 1 default profile: "default"
2024-09-21T16:58:10.516+05:30  INFO 15316 --- [Book_My_Cine] [           main] .s.d.r.c.RepositoryConfigurationDelegate : Bootstrapping Spring Data JPA repositories in DEFAULT mode.
2024-09-21T16:58:10.596+05:30  INFO 15316 --- [Book_My_Cine] [           main] .s.d.r.c.RepositoryConfigurationDelegate : Finished Spring Data repository scanning in 68 ms. Found 9 JPA repository interfaces.
2024-09-21T16:58:11.149+05:30  INFO 15316 --- [Book_My_Cine] [           main] o.hibernate.jpa.internal.util.LogHelper  : HHH000204: Processing PersistenceUnitInfo [name: default]
2024-09-21T16:58:11.213+05:30  INFO 15316 --- [Book_My_Cine] [           main] org.hibernate.Version                    : HHH000412: Hibernate ORM core version 6.5.2.Final
2024-09-21T16:58:11.247+05:30  INFO 15316 --- [Book_My_Cine] [           main] o.h.c.internal.RegionFactoryInitiator    : HHH000026: Second-level cache disabled
2024-09-21T16:58:11.629+05:30  INFO 15316 --- [Book_My_Cine] [           main] o.s.o.j.p.SpringPersistenceUnitInfo      : No LoadTimeWeaver setup: ignoring JPA class transformer
2024-09-21T16:58:11.671+05:30  INFO 15316 --- [Book_My_Cine] [           main] com.zaxxer.hikari.HikariDataSource       : HikariPool-1 - Starting...
2024-09-21T16:58:12.055+05:30  INFO 15316 --- [Book_My_Cine] [           main] com.zaxxer.hikari.pool.HikariPool        : HikariPool-1 - Added connection com.mysql.cj.jdbc.ConnectionImpl@5ddb302
2024-09-21T16:58:12.057+05:30  INFO 15316 --- [Book_My_Cine] [           main] com.zaxxer.hikari.HikariDataSource       : HikariPool-1 - Start completed.
2024-09-21T16:58:12.091+05:30  WARN 15316 --- [Book_My_Cine] [           main] org.hibernate.orm.deprecation            : HHH90000025: MySQL8Dialect does not need to be specified explicitly using 'hibernate.dialect' (remove the property setting and it will be selected by default)
2024-09-21T16:58:12.092+05:30  WARN 15316 --- [Book_My_Cine] [           main] org.hibernate.orm.deprecation            : HHH90000026: MySQL8Dialect has been deprecated; use org.hibernate.dialect.MySQLDialect instead
2024-09-21T16:58:12.476+05:30  WARN 15316 --- [Book_My_Cine] [           main] org.hibernate.mapping.RootClass          : HHH000038: Composite-id class does not override equals(): com.movie.model.BookedSeatId
2024-09-21T16:58:12.476+05:30  WARN 15316 --- [Book_My_Cine] [           main] org.hibernate.mapping.RootClass          : HHH000039: Composite-id class does not override hashCode(): com.movie.model.BookedSeatId
2024-09-21T16:58:13.228+05:30  INFO 15316 --- [Book_My_Cine] [           main] o.h.e.t.j.p.i.JtaPlatformInitiator       : HHH000489: No JTA platform available (set 'hibernate.transaction.jta.platform' to enable JTA platform integration)
2024-09-21T16:58:13.379+05:30  INFO 15316 --- [Book_My_Cine] [           main] j.LocalContainerEntityManagerFactoryBean : Initialized JPA EntityManagerFactory for persistence unit 'default'
2024-09-21T16:58:13.951+05:30  WARN 15316 --- [Book_My_Cine] [           main] JpaBaseConfiguration$JpaWebConfiguration : spring.jpa.open-in-view is enabled by default. Therefore, database queries may be performed during view rendering. Explicitly configure spring.jpa.open-in-view to disable this warning
2024-09-21T16:58:14.458+05:30  INFO 15316 --- [Book_My_Cine] [           main] com.movie.BookMyCineApplicationTests     : Started BookMyCineApplicationTests in 4.861 seconds (process running for 5.764)
]]></system-out>
    <system-err><![CDATA[WARNING: A Java agent has been loaded dynamically (C:\Users\pream\.m2\repository\net\bytebuddy\byte-buddy-agent\1.14.19\byte-buddy-agent-1.14.19.jar)
WARNING: If a serviceability tool is in use, please run with -XX:+EnableDynamicAgentLoading to hide this warning
WARNING: If a serviceability tool is not in use, please run with -Djdk.instrument.traceUsage for more information
WARNING: Dynamic loading of agents will be disallowed by default in a future release
]]></system-err>
  </testcase>
</testsuite>